<?xml version="1.0" encoding="UTF-8"?>
<testsuite name="org.helloworld.HelloWorldTest" tests="1" skipped="0" failures="0" errors="0" timestamp="2016-12-29T14:05:17" hostname="JhunjasHP" time="0.004">
  <properties/>
  <testcase name="testSayHello" classname="org.helloworld.HelloWorldTest" time="0.004"/>
  <system-out><![CDATA[]]></system-out>
  <system-err><![CDATA[]]></system-err>
</testsuite>
